12:27:28.500 838  [main] INFO  cn.com.umpay.PreApp - Starting PreApp on huangzehui-waibao with PID 40420 (E:\workspace6\spring-boot-test\target\classes started by Administrator in E:\workspace6\spring-boot-test)
12:27:28.542 880  [main] INFO  o.s.b.c.e.AnnotationConfigEmbeddedWebApplicationContext - Refreshing org.springframework.boot.context.embedded.AnnotationConfigEmbeddedWebApplicationContext@29165a67: startup date [Fri Sep 22 12:27:28 CST 2017]; root of context hierarchy
12:27:29.403 1741 [main] INFO  o.s.b.f.xml.XmlBeanDefinitionReader - Loading XML bean definitions from class path resource [app-plugin.xml]
12:27:29.681 2019 [main] INFO  o.s.b.f.s.DefaultListableBeanFactory - Overriding bean definition for bean 'beanNameViewResolver': replacing [Root bean: class [null]; scope=; abstract=false; lazyInit=false; autowireMode=3; dependencyCheck=0; autowireCandidate=true; primary=false; factoryBeanName=org.springframework.boot.autoconfigure.web.ErrorMvcAutoConfiguration$WhitelabelErrorViewConfiguration; factoryMethodName=beanNameViewResolver; initMethodName=null; destroyMethodName=(inferred); defined in class path resource [org/springframework/boot/autoconfigure/web/ErrorMvcAutoConfiguration$WhitelabelErrorViewConfiguration.class]] with [Root bean: class [null]; scope=; abstract=false; lazyInit=false; autowireMode=3; dependencyCheck=0; autowireCandidate=true; primary=false; factoryBeanName=org.springframework.boot.autoconfigure.web.WebMvcAutoConfiguration$WebMvcAutoConfigurationAdapter; factoryMethodName=beanNameViewResolver; initMethodName=null; destroyMethodName=(inferred); defined in class path resource [org/springframework/boot/autoconfigure/web/WebMvcAutoConfiguration$WebMvcAutoConfigurationAdapter.class]]
12:27:30.205 2543 [main] INFO  o.h.validator.internal.util.Version - HV000001: Hibernate Validator 5.1.3.Final
12:27:31.241 3579 [main] INFO  o.s.b.c.e.t.TomcatEmbeddedServletContainer - Tomcat initialized with port(s): 21050 (http)
12:27:31.466 3804 [main] INFO  o.a.catalina.core.StandardService - Starting service Tomcat
12:27:31.468 3806 [main] INFO  o.a.catalina.core.StandardEngine - Starting Servlet Engine: Apache Tomcat/7.0.62
12:27:31.704 4042 [localhost-startStop-1] INFO  o.apache.catalina.startup.TldConfig - At least one JAR was scanned for TLDs yet contained no TLDs. Enable debug logging for this logger for a complete list of JARs that were scanned but no TLDs were found in them. Skipping unneeded JARs during scanning can improve startup time and JSP compilation time.
12:27:31.725 4063 [localhost-startStop-1] INFO  o.a.c.c.C.[.[.[/frms-pre-interface] - Initializing Spring embedded WebApplicationContext
12:27:31.725 4063 [localhost-startStop-1] INFO  o.s.web.context.ContextLoader - Root WebApplicationContext: initialization completed in 3183 ms
12:27:32.472 4810 [localhost-startStop-1] INFO  o.s.b.c.e.ServletRegistrationBean - Mapping servlet: 'dispatcherServlet' to [/]
12:27:32.474 4812 [localhost-startStop-1] INFO  o.s.b.c.e.FilterRegistrationBean - Mapping filter: 'characterEncodingFilter' to: [/*]
12:27:32.475 4813 [localhost-startStop-1] INFO  o.s.b.c.e.FilterRegistrationBean - Mapping filter: 'hiddenHttpMethodFilter' to: [/*]
12:27:32.549 4887 [main] INFO  r.clients.jedis.JedisSentinelPool - Trying to find master from available Sentinels...
12:27:32.592 4930 [main] INFO  r.clients.jedis.JedisSentinelPool - Redis master running at 10.10.83.81:6379, starting Sentinel listeners...
12:27:32.618 4956 [main] INFO  r.clients.jedis.JedisSentinelPool - Created JedisPool to master at 10.10.83.81:6379
12:27:33.070 5408 [main] INFO  o.s.w.s.m.m.a.RequestMappingHandlerAdapter - Looking for @ControllerAdvice: org.springframework.boot.context.embedded.AnnotationConfigEmbeddedWebApplicationContext@29165a67: startup date [Fri Sep 22 12:27:28 CST 2017]; root of context hierarchy
12:27:33.158 5496 [main] INFO  o.s.w.s.m.m.a.RequestMappingHandlerMapping - Mapped "{[/rs/umpayaudits],methods=[POST]}" onto public java.lang.String cn.com.umpay.frms.preprocessor.res.UmpayPreServerResource.preprocess(java.lang.String)
12:27:33.161 5499 [main] INFO  o.s.w.s.m.m.a.RequestMappingHandlerMapping - Mapped "{[/error]}" onto public org.springframework.http.ResponseEntity<java.util.Map<java.lang.String, java.lang.Object>> org.springframework.boot.autoconfigure.web.BasicErrorController.error(javax.servlet.http.HttpServletRequest)
12:27:33.162 5500 [main] INFO  o.s.w.s.m.m.a.RequestMappingHandlerMapping - Mapped "{[/error],produces=[text/html]}" onto public org.springframework.web.servlet.ModelAndView org.springframework.boot.autoconfigure.web.BasicErrorController.errorHtml(javax.servlet.http.HttpServletRequest)
12:27:33.198 5536 [main] INFO  o.s.w.s.h.SimpleUrlHandlerMapping - Mapped URL path [/**] onto handler of type [class org.springframework.web.servlet.resource.ResourceHttpRequestHandler]
12:27:33.199 5537 [main] INFO  o.s.w.s.h.SimpleUrlHandlerMapping - Mapped URL path [/webjars/**] onto handler of type [class org.springframework.web.servlet.resource.ResourceHttpRequestHandler]
12:27:33.272 5610 [main] INFO  o.s.w.s.h.SimpleUrlHandlerMapping - Mapped URL path [/**/favicon.ico] onto handler of type [class org.springframework.web.servlet.resource.ResourceHttpRequestHandler]
12:27:33.359 5697 [main] INFO  o.s.j.e.a.AnnotationMBeanExporter - Registering beans for JMX exposure on startup
12:27:33.399 5737 [main] INFO  o.a.coyote.http11.Http11NioProtocol - Initializing ProtocolHandler ["http-nio-21050"]
12:27:33.415 5753 [main] INFO  o.a.coyote.http11.Http11NioProtocol - Starting ProtocolHandler ["http-nio-21050"]
12:27:33.437 5775 [main] INFO  o.a.tomcat.util.net.NioSelectorPool - Using a shared selector for servlet write/read
12:27:33.478 5816 [main] INFO  o.s.b.c.e.t.TomcatEmbeddedServletContainer - Tomcat started on port(s): 21050 (http)
12:27:33.481 5819 [main] INFO  cn.com.umpay.PreApp - Started PreApp in 5.312 seconds (JVM running for 6.032)
12:31:21.002 1215 [main] INFO  cn.com.umpay.PreApp - Starting PreApp on huangzehui-waibao with PID 40496 (E:\workspace6\spring-boot-test\target\classes started by Administrator in E:\workspace6\spring-boot-test)
12:31:21.059 1272 [main] INFO  o.s.b.c.e.AnnotationConfigEmbeddedWebApplicationContext - Refreshing org.springframework.boot.context.embedded.AnnotationConfigEmbeddedWebApplicationContext@38fb9e44: startup date [Fri Sep 22 12:31:21 CST 2017]; root of context hierarchy
12:31:21.975 2188 [main] INFO  o.s.b.f.xml.XmlBeanDefinitionReader - Loading XML bean definitions from class path resource [app-plugin.xml]
12:31:22.286 2499 [main] INFO  o.s.b.f.s.DefaultListableBeanFactory - Overriding bean definition for bean 'beanNameViewResolver': replacing [Root bean: class [null]; scope=; abstract=false; lazyInit=false; autowireMode=3; dependencyCheck=0; autowireCandidate=true; primary=false; factoryBeanName=org.springframework.boot.autoconfigure.web.ErrorMvcAutoConfiguration$WhitelabelErrorViewConfiguration; factoryMethodName=beanNameViewResolver; initMethodName=null; destroyMethodName=(inferred); defined in class path resource [org/springframework/boot/autoconfigure/web/ErrorMvcAutoConfiguration$WhitelabelErrorViewConfiguration.class]] with [Root bean: class [null]; scope=; abstract=false; lazyInit=false; autowireMode=3; dependencyCheck=0; autowireCandidate=true; primary=false; factoryBeanName=org.springframework.boot.autoconfigure.web.WebMvcAutoConfiguration$WebMvcAutoConfigurationAdapter; factoryMethodName=beanNameViewResolver; initMethodName=null; destroyMethodName=(inferred); defined in class path resource [org/springframework/boot/autoconfigure/web/WebMvcAutoConfiguration$WebMvcAutoConfigurationAdapter.class]]
12:31:22.731 2944 [main] INFO  o.h.validator.internal.util.Version - HV000001: Hibernate Validator 5.1.3.Final
12:31:23.742 3955 [main] INFO  o.s.b.c.e.t.TomcatEmbeddedServletContainer - Tomcat initialized with port(s): 21050 (http)
12:31:23.950 4163 [main] INFO  o.a.catalina.core.StandardService - Starting service Tomcat
12:31:23.951 4164 [main] INFO  o.a.catalina.core.StandardEngine - Starting Servlet Engine: Apache Tomcat/7.0.62
12:31:24.134 4347 [localhost-startStop-1] INFO  o.apache.catalina.startup.TldConfig - At least one JAR was scanned for TLDs yet contained no TLDs. Enable debug logging for this logger for a complete list of JARs that were scanned but no TLDs were found in them. Skipping unneeded JARs during scanning can improve startup time and JSP compilation time.
12:31:24.159 4372 [localhost-startStop-1] INFO  o.a.c.c.C.[.[.[/frms-pre-interface] - Initializing Spring embedded WebApplicationContext
12:31:24.160 4373 [localhost-startStop-1] INFO  o.s.web.context.ContextLoader - Root WebApplicationContext: initialization completed in 3101 ms
12:31:24.981 5194 [localhost-startStop-1] INFO  o.s.b.c.e.ServletRegistrationBean - Mapping servlet: 'dispatcherServlet' to [/]
12:31:24.984 5197 [localhost-startStop-1] INFO  o.s.b.c.e.FilterRegistrationBean - Mapping filter: 'characterEncodingFilter' to: [/*]
12:31:24.985 5198 [localhost-startStop-1] INFO  o.s.b.c.e.FilterRegistrationBean - Mapping filter: 'hiddenHttpMethodFilter' to: [/*]
12:31:25.061 5274 [main] INFO  r.clients.jedis.JedisSentinelPool - Trying to find master from available Sentinels...
12:31:25.108 5321 [main] INFO  r.clients.jedis.JedisSentinelPool - Redis master running at 10.10.83.81:6379, starting Sentinel listeners...
12:31:25.130 5343 [main] INFO  r.clients.jedis.JedisSentinelPool - Created JedisPool to master at 10.10.83.81:6379
12:31:25.532 5745 [main] INFO  o.s.w.s.m.m.a.RequestMappingHandlerAdapter - Looking for @ControllerAdvice: org.springframework.boot.context.embedded.AnnotationConfigEmbeddedWebApplicationContext@38fb9e44: startup date [Fri Sep 22 12:31:21 CST 2017]; root of context hierarchy
12:31:25.602 5815 [main] INFO  o.s.w.s.m.m.a.RequestMappingHandlerMapping - Mapped "{[/rs/umpayaudits],methods=[POST]}" onto public java.lang.String cn.com.umpay.frms.preprocessor.res.UmpayPreServerResource.preprocess(java.lang.String)
12:31:25.602 5815 [main] INFO  o.s.w.s.m.m.a.RequestMappingHandlerMapping - Mapped "{[/error]}" onto public org.springframework.http.ResponseEntity<java.util.Map<java.lang.String, java.lang.Object>> org.springframework.boot.autoconfigure.web.BasicErrorController.error(javax.servlet.http.HttpServletRequest)
12:31:25.602 5815 [main] INFO  o.s.w.s.m.m.a.RequestMappingHandlerMapping - Mapped "{[/error],produces=[text/html]}" onto public org.springframework.web.servlet.ModelAndView org.springframework.boot.autoconfigure.web.BasicErrorController.errorHtml(javax.servlet.http.HttpServletRequest)
12:31:25.633 5846 [main] INFO  o.s.w.s.h.SimpleUrlHandlerMapping - Mapped URL path [/**] onto handler of type [class org.springframework.web.servlet.resource.ResourceHttpRequestHandler]
12:31:25.649 5862 [main] INFO  o.s.w.s.h.SimpleUrlHandlerMapping - Mapped URL path [/webjars/**] onto handler of type [class org.springframework.web.servlet.resource.ResourceHttpRequestHandler]
12:31:25.725 5938 [main] INFO  o.s.w.s.h.SimpleUrlHandlerMapping - Mapped URL path [/**/favicon.ico] onto handler of type [class org.springframework.web.servlet.resource.ResourceHttpRequestHandler]
12:31:25.796 6009 [main] INFO  o.s.j.e.a.AnnotationMBeanExporter - Registering beans for JMX exposure on startup
12:31:25.843 6056 [main] INFO  o.a.coyote.http11.Http11NioProtocol - Initializing ProtocolHandler ["http-nio-21050"]
12:31:25.865 6078 [main] INFO  o.a.coyote.http11.Http11NioProtocol - Starting ProtocolHandler ["http-nio-21050"]
12:31:25.887 6100 [main] INFO  o.a.tomcat.util.net.NioSelectorPool - Using a shared selector for servlet write/read
12:31:25.914 6127 [main] INFO  o.s.b.c.e.t.TomcatEmbeddedServletContainer - Tomcat started on port(s): 21050 (http)
12:31:25.914 6127 [main] INFO  cn.com.umpay.PreApp - Started PreApp in 5.214 seconds (JVM running for 6.3)
